[debug] [2017-08-01T22:26:55.400Z] ----------------------------------------------------------------------
[debug] [2017-08-01T22:26:55.403Z] Command:      /usr/local/Cellar/node/8.1.3/bin/node /usr/local/bin/firebase serve
[debug] [2017-08-01T22:26:55.403Z] CLI Version:  3.9.1
[debug] [2017-08-01T22:26:55.403Z] Platform:     darwin
[debug] [2017-08-01T22:26:55.403Z] Node Version: v8.1.3
[debug] [2017-08-01T22:26:55.403Z] Time:         Wed Aug 02 2017 05:26:55 GMT+0700 (WIB)
[debug] [2017-08-01T22:26:55.404Z] ----------------------------------------------------------------------
[debug] 
[debug] [2017-08-01T22:26:55.417Z] > command requires scopes: ["email","openid","https://www.googleapis.com/auth/cloudplatformprojects.readonly","https://www.googleapis.com/auth/firebase","https://www.googleapis.com/auth/cloud-platform"]
[debug] [2017-08-01T22:26:55.417Z] > authorizing via signed-in user
[debug] [2017-08-01T22:26:55.419Z] >>> HTTP REQUEST GET https://admin.firebase.com/v1/projects/sisinfo-jadwal-kompen  
 Wed Aug 02 2017 05:26:55 GMT+0700 (WIB)
[debug] [2017-08-01T22:26:57.738Z] <<< HTTP RESPONSE 200
[debug] [2017-08-01T22:26:57.743Z] >>> HTTP REQUEST GET https://admin.firebase.com/v1/database/sisinfo-jadwal-kompen/tokens  
 Wed Aug 02 2017 05:26:57 GMT+0700 (WIB)
[debug] [2017-08-01T22:26:59.050Z] <<< HTTP RESPONSE 200
[info] 
[info] === Serving from '/Users/baqir/Documents/ReactDev/baqirhabsyi.github.io'...
[info] 
[debug] [2017-08-01T22:26:59.053Z] >>> HTTP REQUEST GET https://cloudresourcemanager.googleapis.com/v1/projects/sisinfo-jadwal-kompen  
 Wed Aug 02 2017 05:26:59 GMT+0700 (WIB)
[debug] [2017-08-01T22:27:00.554Z] <<< HTTP RESPONSE 200
[debug] [2017-08-01T22:27:00.555Z] >>> HTTP REQUEST GET https://mobilesdk-pa.googleapis.com/v1/projects/868404744748/clients/_:getWebAppConfig  
 Wed Aug 02 2017 05:27:00 GMT+0700 (WIB)
[debug] [2017-08-01T22:27:02.452Z] <<< HTTP RESPONSE 200
[info] i  hosting: Serving hosting files from: build
[info] ✔  hosting: Local server: http://localhost:5000

